<?xml version="1.0" encoding="UTF-8" standalone="no"?>
<testsuite errors="0" failures="0" name="io.cucumber.core.plugin.JUnitFormatter" skipped="0" tests="2" time="10.507">
    <testcase classname="feature to test google search functionality" name="validate google search is working" time="10.205">
        <system-out><![CDATA[Given Browser is open.......................................................passed
And User is on google search page...........................................passed
When User enters a text in google search box................................passed
And Hit Enters..............................................................passed
Then User is Navigate to search results.....................................passed
]]></system-out>
    </testcase>
    <testcase classname="feature to test login functionality" name="check login is successfull with valid credential" time="0.024">
        <system-out><![CDATA[Given user is on login page.................................................passed
When user enter user name and password......................................passed
And click on login button...................................................passed
Then user is navigating to the home page....................................passed
]]></system-out>
    </testcase>
</testsuite>
